<?xml version="1.0" encoding="UTF-8"?>
<!-- Generated by org.testng.reporters.JUnitReportReporter -->
<testsuite skipped="0" hostname="DESKTOP-0UCR2FO" name="testcases.TC001_LoginAndLogout" tests="2" failures="0" timestamp="11 Apr 2018 02:47:53 GMT" time="27.160" errors="0">
  <testcase name="loginAndLogout" time="16.208" classname="testcases.TC001_LoginAndLogout"/>
  <testcase name="loginAndLogout" time="10.952" classname="testcases.TC001_LoginAndLogout"/>
</testsuite> <!-- testcases.TC001_LoginAndLogout -->
