<?xml version="1.0" encoding="UTF-8"?>
<!-- Generated by org.testng.reporters.JUnitReportReporter -->
<testsuite skipped="0" hostname="DESKTOP-0UCR2FO" name="testcases.TC003_MergeLead" tests="1" failures="0" timestamp="19 Apr 2018 16:11:59 GMT" time="38.915" errors="0">
  <testcase name="login" time="38.915" classname="testcases.TC003_MergeLead"/>
</testsuite> <!-- testcases.TC003_MergeLead -->
