<?xml version="1.0" encoding="UTF-8"?>
<!-- Generated by org.testng.reporters.JUnitReportReporter -->
<testsuite skipped="0" hostname="DESKTOP-0UCR2FO" name="testcases.TC002_EditLead" tests="1" failures="0" timestamp="21 Apr 2018 16:41:01 GMT" time="27.565" errors="0">
  <testcase name="login" time="27.565" classname="testcases.TC002_EditLead"/>
</testsuite> <!-- testcases.TC002_EditLead -->
