<?xml version="1.0" encoding="UTF-8"?>
<!-- Generated by org.testng.reporters.JUnitReportReporter -->
<testsuite skipped="0" hostname="DESKTOP-0UCR2FO" name="testcases.TC004_DeleteLead" tests="1" failures="0" timestamp="16 Apr 2018 16:48:29 GMT" time="25.046" errors="0">
  <testcase name="login" time="25.046" classname="testcases.TC004_DeleteLead"/>
</testsuite> <!-- testcases.TC004_DeleteLead -->
