<?xml version="1.0" encoding="UTF-8"?>
<!-- Generated by org.testng.reporters.JUnitReportReporter -->
<testsuite skipped="0" hostname="DESKTOP-0UCR2FO" name="testcases.TC001_CreateLead" tests="2" failures="0" timestamp="11 Apr 2018 02:57:18 GMT" time="45.117" errors="0">
  <testcase name="login" time="21.753" classname="testcases.TC001_CreateLead"/>
  <testcase name="login" time="23.364" classname="testcases.TC001_CreateLead"/>
</testsuite> <!-- testcases.TC001_CreateLead -->
